ERROR:root:https://asantangelo.eduhack.eu has no posts
ERROR:root:https://unirited.eduhack.eu has no posts
ERROR:root:no 54 for https://spanishtester.eduhack.eu/2019/01/15/hello-my-name-is/
ERROR:root:no 3 for https://hackathons-polito.eduhack.eu/2019/01/23/test2/
ERROR:root:no 8 for https://hackathons-polito.eduhack.eu/2019/01/16/yulyuyien/
ERROR:root:no 3 for https://hackathons-polito.eduhack.eu/2019/01/16/yulyuyien/
ERROR:root:no 11 for https://hackathons-polito.eduhack.eu/2018/11/16/cps/
ERROR:root:no 34 for https://hackathons-polito.eduhack.eu/2018/11/16/cps/
ERROR:root:no 3 for https://hackathons-polito.eduhack.eu/2018/11/16/cps/
ERROR:root:no 11 for https://hackathons-unir.eduhack.eu/2018/11/16/cps/
ERROR:root:no 34 for https://hackathons-unir.eduhack.eu/2018/11/16/cps/
ERROR:root:no 3 for https://hackathons-unir.eduhack.eu/2018/11/16/cps/
ERROR:root:no 45 for https://mplazio.eduhack.eu/2019/02/15/my-blog-test/
ERROR:root:no 49 for https://mplazio.eduhack.eu/2019/02/15/my-blog-test/
ERROR:root:no 52 for https://mplazio.eduhack.eu/2019/02/15/my-blog-test/
ERROR:root:no 56 for https://mplazio.eduhack.eu/2019/02/15/my-blog-test/
ERROR:root:no 54 for https://mplazio.eduhack.eu/2019/01/15/hello-my-name-is/
ERROR:root:no 54 for https://ildiko-mazar.eduhack.eu/2019/01/15/hello-my-name-is-ildiko/
ERROR:root:no 5 for https://ildiko-mazar.eduhack.eu/2018/11/16/post004/
ERROR:root:no 11 for https://ildiko-mazar.eduhack.eu/2018/11/14/games-to-improve-engagement/
ERROR:root:no 13 for https://ildiko-mazar.eduhack.eu/2018/11/14/games-to-improve-engagement/
ERROR:root:no 18 for https://ildiko-mazar.eduhack.eu/2018/11/14/games-to-improve-engagement/
ERROR:root:no 4 for https://ildiko-mazar.eduhack.eu/2018/11/12/post001/
ERROR:root:no 62 for https://wallt.eduhack.eu/2019/01/20/and-another-test/
ERROR:root:no 4 for https://wallt.eduhack.eu/2019/01/20/and-another-test/
ERROR:root:no 43 for https://wallt.eduhack.eu/2019/01/20/and-another-test/
ERROR:root:no 51 for https://wallt.eduhack.eu/2019/01/20/and-another-test/
ERROR:root:no 51 for https://wallt.eduhack.eu/2019/01/20/where-does-the-second-post-go/
ERROR:root:no 4 for https://wallt.eduhack.eu/2019/01/20/the-absolute-final-test-post/
ERROR:root:no 43 for https://wallt.eduhack.eu/2019/01/20/the-absolute-final-test-post/
ERROR:root:no 51 for https://wallt.eduhack.eu/2019/01/20/the-absolute-final-test-post/
ERROR:root:no 60 for https://wallt.eduhack.eu/2019/01/20/the-absolute-final-test-post/
ERROR:root:no 5 for https://wallt.eduhack.eu/2019/01/19/last-test-post/
ERROR:root:no 47 for https://wallt.eduhack.eu/2019/01/19/last-test-post/
ERROR:root:no 51 for https://wallt.eduhack.eu/2019/01/19/last-test-post/
ERROR:root:no 51 for https://wallt.eduhack.eu/2019/01/19/my-first-eduhack-blog-post/
ERROR:root:no 51 for https://wallt.eduhack.eu/2019/01/19/title-of-post/
ERROR:root:no 1 for https://wallt.eduhack.eu/2019/01/15/hello-my-name-is/
ERROR:root:no 54 for https://template.eduhack.eu/2019/01/15/hello-my-name-is/
ERROR:root:no 49 for https://hackathons-coventry.eduhack.eu/2018/11/17/collective-posting-space/
ERROR:root:no 25 for https://wall.eduhack.eu/test-pre-course-in-spain-by-unir-ited/
ERROR:root:no 3 for https://wall.eduhack.eu/test-pre-course-in-spain-by-unir-ited/
ERROR:root:no 9 for https://wall.eduhack.eu/test-pre-course-in-spain-by-unir-ited/
ERROR:root:no 35 for https://wall.eduhack.eu/test-pre-course-in-spain-by-unir-ited/
ERROR:root:no 10 for https://wall.eduhack.eu/lost/
ERROR:root:no 3 for https://wall.eduhack.eu/lost/
ERROR:root:no 35 for https://wall.eduhack.eu/lost/
ERROR:root:no 27 for https://wall.eduhack.eu/il-mio-primo-post/
ERROR:root:no 32 for https://wall.eduhack.eu/il-mio-primo-post/
ERROR:root:no 4 for https://wall.eduhack.eu/il-mio-primo-post/
ERROR:root:no 11 for https://wall.eduhack.eu/il-mio-primo-post/
ERROR:root:no 34 for https://wall.eduhack.eu/il-mio-primo-post/
ERROR:root:no 3 for https://wall.eduhack.eu/il-mio-primo-post/
ERROR:root:no 25 for https://wall.eduhack.eu/test-3/
ERROR:root:no 3 for https://wall.eduhack.eu/test-3/
ERROR:root:no 3 for https://wall.eduhack.eu/test-2/
ERROR:root:no 3 for https://wall.eduhack.eu/test/
ERROR:root:no 50 for https://wall.eduhack.eu/let-me-introduce-myself-im-ildiko-mazar/
ERROR:root:no 33 for https://wall.eduhack.eu/let-me-introduce-myself-im-ildiko-mazar/
ERROR:root:no 3 for https://wall.eduhack.eu/let-me-introduce-myself-im-ildiko-mazar/
ERROR:root:no 4 for https://wall.eduhack.eu/activity-1-1-test/
ERROR:root:no 3 for https://wall.eduhack.eu/activity-1-1-test/
ERROR:root:no 3 for https://wall.eduhack.eu/cps/
